<?xml version="1.0" encoding="UTF-8"?>
<testsuite xmlns:xsi="http://www.w3.org/2001/XMLSchema-instance" xsi:noNamespaceSchemaLocation="https://maven.apache.org/surefire/maven-surefire-plugin/xsd/surefire-test-report-3.0.xsd" version="3.0" name="app.ecoRideLN.TesteAutenticacao" time="0.039" tests="20" errors="0" skipped="0" failures="0">
  <properties>
[...]
</properties>
  <testcase name="registar_valido" classname="app.ecoRideLN.TesteAutenticacao" time="0.002"/>
  <testcase name="registar_passwordVazia" classname="app.ecoRideLN.TesteAutenticacao" time="0.002"/>
  <testcase name="registar_cargoNulo" classname="app.ecoRideLN.TesteAutenticacao" time="0.002"/>
  <testcase name="registar_identificadorVazio" classname="app.ecoRideLN.TesteAutenticacao" time="0.001"/>
  <testcase name="registar_identificadorDuplicado" classname="app.ecoRideLN.TesteAutenticacao" time="0.002"/>
  <testcase name="registar_todosCargos" classname="app.ecoRideLN.TesteAutenticacao" time="0.001"/>
  <testcase name="obter_existente" classname="app.ecoRideLN.TesteAutenticacao" time="0.001"/>
  <testcase name="obter_inexistente" classname="app.ecoRideLN.TesteAutenticacao" time="0.001"/>
  <testcase name="existeUtilizador" classname="app.ecoRideLN.TesteAutenticacao" time="0.001"/>
  <testcase name="atualizar_valido" classname="app.ecoRideLN.TesteAutenticacao" time="0.0"/>
  <testcase name="atualizar_inexistente" classname="app.ecoRideLN.TesteAutenticacao" time="0.001"/>
  <testcase name="atualizar_identificadorDuplicado" classname="app.ecoRideLN.TesteAutenticacao" time="0.002"/>
  <testcase name="autenticar_correto" classname="app.ecoRideLN.TesteAutenticacao" time="0.001"/>
  <testcase name="autenticar_errado" classname="app.ecoRideLN.TesteAutenticacao" time="0.001"/>
  <testcase name="atualizarPassword_antigaErrada" classname="app.ecoRideLN.TesteAutenticacao" time="0.001"/>
  <testcase name="atualizarPassword_valida" classname="app.ecoRideLN.TesteAutenticacao" time="0.001"/>
  <testcase name="remover_valido" classname="app.ecoRideLN.TesteAutenticacao" time="0.001"/>
  <testcase name="remover_inexistente" classname="app.ecoRideLN.TesteAutenticacao" time="0.001"/>
  <testcase name="obterPorCargo" classname="app.ecoRideLN.TesteAutenticacao" time="0.001"/>
  <testcase name="estruturaFinal" classname="app.ecoRideLN.TesteAutenticacao" time="0.001"/>
</testsuite>